2026-03-18 09:43:48 [INFO] Run bắt đầu: ppo_20260318_094348 | Agent: PPO_LSTM | 2026-03-18 09:43:48
2026-03-18 09:43:48 [INFO] Data split: {'train': {'start': '2015-01-05', 'end': '2022-09-16', 'days': 1917}, 'val': {'start': '2022-09-19', 'end': '2024-05-14', 'days': 411}, 'test': {'start': '2024-05-15', 'end': '2025-12-31', 'days': 412}}
2026-03-18 09:43:48 [INFO] Device: cpu | Params: 311,314
2026-03-18 09:43:48 [INFO] [Ep      1] reward=  -0.0008 | value=   1,016,476,407 | return=  1.65% | trades= 128 | cost=10,790,510
2026-03-18 09:43:48 [INFO] [Ep      2] reward=  -0.0008 | value=   1,017,320,697 | return=  1.73% | trades= 128 | cost=11,348,802
2026-03-18 09:43:48 [INFO] [Ep      3] reward=  -0.0008 | value=     946,413,470 | return= -5.36% | trades= 128 | cost=10,316,682
2026-03-18 09:43:48 [INFO] [Ep      4] reward=  -0.0008 | value=     927,973,334 | return= -7.20% | trades= 128 | cost=11,967,699
2026-03-18 09:43:48 [DEBUG] [Step       32] pi_loss= 0.00230 | v_loss= 0.23679 | entropy=-30.67227 | kl=0.00013 | clip=0.000 | lr=3.00e-04
2026-03-18 09:43:48 [INFO] [Rollout 1/2] steps=32 | pi_loss=0.00230 | v_loss=0.23679 | kl=0.00013 | lr=3.00e-04
2026-03-18 09:43:48 [INFO] [EVAL/VAL Ep 4] total_return=0.96% | sharpe=0.3791 | max_dd=9.75% | win_rate=55.00%
2026-03-18 09:43:48 [INFO] 
=======================================================
                  PERFORMANCE REPORT                   
=======================================================
  Vốn ban đầu          :      1,000,000,000 VND
  Giá trị cuối kỳ      :      1,009,580,864 VND
-------------------------------------------------------
  Tổng lợi nhuận       :             0.96%
  Lợi nhuận hàng năm   :            12.77%
  Biến động hàng năm   :            36.39%
-------------------------------------------------------
  Sharpe Ratio         :            0.3791
  Sortino Ratio        :            0.3858
  Calmar Ratio         :            1.3091
-------------------------------------------------------
  Max Drawdown         :             9.75%
  MDD Duration (steps) :              17.0
-------------------------------------------------------
  Win Rate             :            55.00%
  Profit Factor        :            1.0898
  Skewness             :            0.1455
  Kurtosis             :            0.1770
-------------------------------------------------------
  VaR 95%              :            0.0332
  CVaR 95%             :            0.0456
=======================================================
2026-03-18 09:43:48 [INFO] Best val Sharpe: 0.3791 -> saved best_model.pt
2026-03-18 09:43:49 [INFO] [Ep      5] reward=  -0.0008 | value=   1,062,677,537 | return=  6.27% | trades= 128 | cost=10,143,737
2026-03-18 09:43:49 [INFO] [Ep      6] reward=  -0.0008 | value=   1,009,629,503 | return=  0.96% | trades= 128 | cost= 9,890,583
2026-03-18 09:43:49 [INFO] [Ep      7] reward=  -0.0008 | value=     995,382,254 | return= -0.46% | trades= 128 | cost=11,630,302
2026-03-18 09:43:49 [INFO] [Ep      8] reward=  -0.0008 | value=   1,067,348,043 | return=  6.73% | trades= 128 | cost=11,654,347
2026-03-18 09:43:49 [DEBUG] [Step       64] pi_loss=-0.00050 | v_loss= 0.03390 | entropy=-30.67274 | kl=0.00001 | clip=0.000 | lr=1.50e-04
2026-03-18 09:43:49 [INFO] [EVAL/VAL Ep 8] total_return=0.96% | sharpe=0.3789 | max_dd=9.75% | win_rate=55.00%
2026-03-18 09:43:49 [INFO] 
=======================================================
                  PERFORMANCE REPORT                   
=======================================================
  Vốn ban đầu          :      1,000,000,000 VND
  Giá trị cuối kỳ      :      1,009,577,096 VND
-------------------------------------------------------
  Tổng lợi nhuận       :             0.96%
  Lợi nhuận hàng năm   :            12.76%
  Biến động hàng năm   :            36.39%
-------------------------------------------------------
  Sharpe Ratio         :            0.3789
  Sortino Ratio        :            0.3857
  Calmar Ratio         :            1.3085
-------------------------------------------------------
  Max Drawdown         :             9.75%
  MDD Duration (steps) :              17.0
-------------------------------------------------------
  Win Rate             :            55.00%
  Profit Factor        :            1.0898
  Skewness             :            0.1455
  Kurtosis             :            0.1783
-------------------------------------------------------
  VaR 95%              :            0.0332
  CVaR 95%             :            0.0456
=======================================================
2026-03-18 09:43:49 [INFO] Loaded best_model.pt for final test evaluation
2026-03-18 09:43:49 [INFO] [EVAL/TEST Ep 8] total_return=-0.10% | sharpe=-0.4978 | max_dd=3.06% | win_rate=50.00%
2026-03-18 09:43:49 [INFO] 
=== FINAL TEST RESULTS (avg 1 episodes) ===
2026-03-18 09:43:49 [INFO] 
=======================================================
                  PERFORMANCE REPORT                   
=======================================================
  Vốn ban đầu          :      1,000,000,000 VND
  Giá trị cuối kỳ      :        999,014,189 VND
-------------------------------------------------------
  Tổng lợi nhuận       :            -0.10%
  Lợi nhuận hàng năm   :            -1.24%
  Biến động hàng năm   :            10.48%
-------------------------------------------------------
  Sharpe Ratio         :           -0.4978
  Sortino Ratio        :           -0.4725
  Calmar Ratio         :           -0.4030
-------------------------------------------------------
  Max Drawdown         :             3.06%
  MDD Duration (steps) :              10.0
-------------------------------------------------------
  Win Rate             :            50.00%
  Profit Factor        :            0.9881
  Skewness             :           -0.6631
  Kurtosis             :            2.1353
-------------------------------------------------------
  VaR 95%              :            0.0076
  CVaR 95%             :            0.0182
=======================================================
2026-03-18 09:43:49 [INFO] Summary đã lưu: results\runs\ppo_20260318_094348\summary.json
2026-03-18 09:43:49 [INFO] Run kết thúc sau 0:00:00.901531. total_return=-0.10% | sharpe=-0.4978
