2026-03-18 10:40:57 [INFO] Run bắt đầu: ppo_20260318_104057 | Agent: PPO_LSTM | 2026-03-18 10:40:57
2026-03-18 10:40:57 [INFO] Data split: {'train': {'start': '2015-01-05', 'end': '2022-09-16', 'days': 1917}, 'val': {'start': '2022-09-19', 'end': '2024-05-14', 'days': 411}, 'test': {'start': '2024-05-15', 'end': '2025-12-31', 'days': 412}}
2026-03-18 10:40:57 [INFO] Device: cpu | Params: 23,314
2026-03-18 10:40:57 [INFO] [Ep      1] reward=  -0.0010 | value=   1,020,378,226 | return=  2.04% | trades= 160 | cost=12,733,036
2026-03-18 10:40:57 [DEBUG] [Step       16] pi_loss= 0.00218 | v_loss= 0.04202 | entropy=-30.67234 | kl=0.00001 | clip=0.000 | lr=3.00e-04
2026-03-18 10:40:57 [INFO] [Rollout 1/2] steps=16 | pi_loss=0.00218 | v_loss=0.04202 | kl=0.00001 | lr=3.00e-04
2026-03-18 10:40:58 [INFO] [EVAL/VAL Ep 1] total_return=34.40% | sharpe=0.8615 | max_dd=17.04% | win_rate=56.96%
2026-03-18 10:40:58 [INFO] 
=======================================================
                  PERFORMANCE REPORT                   
=======================================================
  Vốn ban đầu          :      1,000,000,000 VND
  Giá trị cuối kỳ      :      1,343,988,621 VND
-------------------------------------------------------
  Tổng lợi nhuận       :            34.40%
  Lợi nhuận hàng năm   :            21.60%
  Biến động hàng năm   :            19.74%
-------------------------------------------------------
  Sharpe Ratio         :            0.8615
  Sortino Ratio        :            0.8178
  Calmar Ratio         :            1.2674
-------------------------------------------------------
  Max Drawdown         :            17.04%
  MDD Duration (steps) :             111.0
-------------------------------------------------------
  Win Rate             :            56.96%
  Profit Factor        :            1.2170
  Skewness             :           -0.2496
  Kurtosis             :            2.9989
-------------------------------------------------------
  VaR 95%              :            0.0183
  CVaR 95%             :            0.0298
=======================================================
2026-03-18 10:40:58 [INFO] Best val Sharpe: 0.8615 -> saved best_model.pt
2026-03-18 10:40:58 [INFO] [Ep      2] reward=  -0.0010 | value=   1,022,473,754 | return=  2.25% | trades= 160 | cost=14,159,044
2026-03-18 10:40:58 [INFO] [Ep      3] reward=  -0.0010 | value=     973,496,699 | return= -2.65% | trades= 160 | cost=12,851,150
2026-03-18 10:40:58 [DEBUG] [Step       32] pi_loss=-0.00010 | v_loss= 0.05672 | entropy=-30.67237 | kl=0.00000 | clip=0.000 | lr=1.50e-04
2026-03-18 10:40:59 [INFO] [EVAL/VAL Ep 3] total_return=34.40% | sharpe=0.8615 | max_dd=17.04% | win_rate=56.96%
2026-03-18 10:40:59 [INFO] 
=======================================================
                  PERFORMANCE REPORT                   
=======================================================
  Vốn ban đầu          :      1,000,000,000 VND
  Giá trị cuối kỳ      :      1,343,983,544 VND
-------------------------------------------------------
  Tổng lợi nhuận       :            34.40%
  Lợi nhuận hàng năm   :            21.60%
  Biến động hàng năm   :            19.74%
-------------------------------------------------------
  Sharpe Ratio         :            0.8615
  Sortino Ratio        :            0.8178
  Calmar Ratio         :            1.2676
-------------------------------------------------------
  Max Drawdown         :            17.04%
  MDD Duration (steps) :             111.0
-------------------------------------------------------
  Win Rate             :            56.96%
  Profit Factor        :            1.2170
  Skewness             :           -0.2496
  Kurtosis             :            2.9994
-------------------------------------------------------
  VaR 95%              :            0.0183
  CVaR 95%             :            0.0298
=======================================================
2026-03-18 10:40:59 [INFO] Best val Sharpe: 0.8615 -> saved best_model.pt
2026-03-18 10:40:59 [INFO] Loaded best_model.pt for final test evaluation
2026-03-18 10:41:00 [INFO] [EVAL/TEST Ep 3] total_return=44.71% | sharpe=1.1985 | max_dd=17.56% | win_rate=56.28%
2026-03-18 10:41:00 [INFO] 
=== FINAL TEST RESULTS (avg 1 episodes) ===
2026-03-18 10:41:00 [INFO] 
=======================================================
                  PERFORMANCE REPORT                   
=======================================================
  Vốn ban đầu          :      1,000,000,000 VND
  Giá trị cuối kỳ      :      1,447,051,444 VND
-------------------------------------------------------
  Tổng lợi nhuận       :            44.71%
  Lợi nhuận hàng năm   :            27.61%
  Biến động hàng năm   :            17.94%
-------------------------------------------------------
  Sharpe Ratio         :            1.1985
  Sortino Ratio        :            1.1266
  Calmar Ratio         :            1.5724
-------------------------------------------------------
  Max Drawdown         :            17.56%
  MDD Duration (steps) :              83.0
-------------------------------------------------------
  Win Rate             :            56.28%
  Profit Factor        :            1.3345
  Skewness             :           -0.6760
  Kurtosis             :           11.0902
-------------------------------------------------------
  VaR 95%              :            0.0127
  CVaR 95%             :            0.0272
=======================================================
2026-03-18 10:41:00 [INFO] Summary đã lưu: results\runs\ppo_20260318_104057\summary.json
2026-03-18 10:41:00 [INFO] Run kết thúc sau 0:00:03.266917. total_return=44.71% | sharpe=1.1985
