2026-03-21 21:56:06 [INFO] Run bắt đầu: ppo_20260321_215606 | Agent: PPO_LSTM | 2026-03-21 21:56:06
2026-03-21 21:56:06 [INFO] Data split: {'train': {'start': '2015-01-05', 'end': '2022-09-16', 'days': 1920}, 'val': {'start': '2022-09-19', 'end': '2024-05-14', 'days': 411}, 'test': {'start': '2024-05-15', 'end': '2025-12-31', 'days': 412}}
2026-03-21 21:56:06 [INFO] Device: cpu | Params: 9,636
2026-03-21 21:56:06 [INFO] [Ep      1] reward=  -0.0020 | value=     980,941,245 | return= -1.91% | trades=   8 | cost= 4,086,279
2026-03-21 21:56:06 [INFO] [Ep      2] reward=  -0.0020 | value=   1,016,781,381 | return=  1.68% | trades=   8 | cost= 3,102,714
2026-03-21 21:56:06 [DEBUG] [Step        8] pi_loss=-0.00016 | v_loss= 3.24838 | entropy=-0.69318 | kl=0.00000 | clip=0.000 | lr=1.00e-04
2026-03-21 21:56:06 [INFO] [Rollout 1/2] steps=8 | pi_loss=-0.00016 | v_loss=3.24838 | kl=0.00000 | lr=1.00e-04
2026-03-21 21:56:06 [INFO] [EVAL/VAL Ep 2] total_return=4.76% | sharpe=1.8158 | max_dd=6.10% | win_rate=60.00%
2026-03-21 21:56:06 [INFO] 
=======================================================
                  PERFORMANCE REPORT                   
=======================================================
  Vốn ban đầu          :      1,000,000,000 VND
  Giá trị cuối kỳ      :      1,047,573,446 VND
-------------------------------------------------------
  Tổng lợi nhuận       :             4.76%
  Lợi nhuận hàng năm   :            79.61%
  Biến động hàng năm   :            32.58%
-------------------------------------------------------
  Sharpe Ratio         :            1.8158
  Sortino Ratio        :            1.8041
  Calmar Ratio         :           13.0608
-------------------------------------------------------
  Max Drawdown         :             6.10%
  MDD Duration (steps) :              16.0
-------------------------------------------------------
  Win Rate             :            60.00%
  Profit Factor        :            1.3701
  Skewness             :           -0.0628
  Kurtosis             :            0.5268
-------------------------------------------------------
  VaR 95%              :            0.0263
  CVaR 95%             :            0.0431
=======================================================
2026-03-21 21:56:06 [INFO] [BASELINE/EQUAL_WEIGHT] baseline_return=4.72% | baseline_sharpe=1.8027 | delta_return=0.03% | delta_sharpe=0.0131
2026-03-21 21:56:06 [INFO] [BASELINE/BUY_AND_HOLD_EQUAL_WEIGHT] baseline_return=4.75% | baseline_sharpe=1.8305 | delta_return=0.01% | delta_sharpe=-0.0147
2026-03-21 21:56:06 [INFO] Best val Sharpe: 1.8158 -> saved best_model.pt
2026-03-21 21:56:07 [INFO] [Ep      3] reward=  -0.0020 | value=   1,003,898,084 | return=  0.39% | trades=   8 | cost= 5,505,343
2026-03-21 21:56:07 [INFO] [Ep      4] reward=  -0.0020 | value=     941,669,385 | return= -5.83% | trades=   8 | cost= 3,421,409
2026-03-21 21:56:07 [DEBUG] [Step       16] pi_loss=-0.00005 | v_loss= 1.75394 | entropy=-0.69324 | kl=0.00000 | clip=0.000 | lr=5.00e-05
2026-03-21 21:56:07 [INFO] [EVAL/VAL Ep 4] total_return=4.75% | sharpe=1.8153 | max_dd=6.09% | win_rate=60.00%
2026-03-21 21:56:07 [INFO] 
=======================================================
                  PERFORMANCE REPORT                   
=======================================================
  Vốn ban đầu          :      1,000,000,000 VND
  Giá trị cuối kỳ      :      1,047,545,584 VND
-------------------------------------------------------
  Tổng lợi nhuận       :             4.75%
  Lợi nhuận hàng năm   :            79.55%
  Biến động hàng năm   :            32.57%
-------------------------------------------------------
  Sharpe Ratio         :            1.8153
  Sortino Ratio        :            1.8036
  Calmar Ratio         :           13.0537
-------------------------------------------------------
  Max Drawdown         :             6.09%
  MDD Duration (steps) :              16.0
-------------------------------------------------------
  Win Rate             :            60.00%
  Profit Factor        :            1.3700
  Skewness             :           -0.0628
  Kurtosis             :            0.5268
-------------------------------------------------------
  VaR 95%              :            0.0263
  CVaR 95%             :            0.0431
=======================================================
2026-03-21 21:56:07 [INFO] [BASELINE/EQUAL_WEIGHT] baseline_return=4.72% | baseline_sharpe=1.8027 | delta_return=0.03% | delta_sharpe=0.0126
2026-03-21 21:56:07 [INFO] [BASELINE/BUY_AND_HOLD_EQUAL_WEIGHT] baseline_return=4.75% | baseline_sharpe=1.8305 | delta_return=0.01% | delta_sharpe=-0.0151
2026-03-21 21:56:07 [INFO] Loaded best_model.pt for final test evaluation
2026-03-21 21:56:07 [INFO] [EVAL/TEST Ep 4] total_return=1.26% | sharpe=0.8920 | max_dd=2.79% | win_rate=45.00%
2026-03-21 21:56:07 [INFO] 
=== FINAL TEST RESULTS (avg 1 episodes) ===
2026-03-21 21:56:07 [INFO] 
=======================================================
                  PERFORMANCE REPORT                   
=======================================================
  Vốn ban đầu          :      1,000,000,000 VND
  Giá trị cuối kỳ      :      1,012,644,344 VND
-------------------------------------------------------
  Tổng lợi nhuận       :             1.26%
  Lợi nhuận hàng năm   :            17.15%
  Biến động hàng năm   :            13.71%
-------------------------------------------------------
  Sharpe Ratio         :            0.8920
  Sortino Ratio        :            0.9817
  Calmar Ratio         :            6.1464
-------------------------------------------------------
  Max Drawdown         :             2.79%
  MDD Duration (steps) :               5.0
-------------------------------------------------------
  Win Rate             :            45.00%
  Profit Factor        :            1.2344
  Skewness             :           -0.3911
  Kurtosis             :            1.6481
-------------------------------------------------------
  VaR 95%              :            0.0092
  CVaR 95%             :            0.0220
=======================================================
2026-03-21 21:56:07 [INFO] [BASELINE/EQUAL_WEIGHT] baseline_return=1.26% | baseline_sharpe=0.8865 | delta_return=0.01% | delta_sharpe=0.0055
2026-03-21 21:56:07 [INFO] [BASELINE/BUY_AND_HOLD_EQUAL_WEIGHT] baseline_return=1.22% | baseline_sharpe=0.8402 | delta_return=0.05% | delta_sharpe=0.0517
2026-03-21 21:56:07 [INFO] Summary đã lưu: results\runs\ppo_20260321_215606\summary.json
2026-03-21 21:56:07 [INFO] Run kết thúc sau 0:00:01.014791. total_return=1.26% | sharpe=0.8920
