2026-03-18 09:30:26 [INFO] Run bắt đầu: ppo_20260318_093026 | Agent: PPO_LSTM | 2026-03-18 09:30:26
2026-03-18 09:30:26 [INFO] Data split: {'train': {'start': '2015-01-05', 'end': '2022-09-16', 'days': 1917}, 'val': {'start': '2022-09-19', 'end': '2024-05-14', 'days': 411}, 'test': {'start': '2024-05-15', 'end': '2025-12-31', 'days': 412}}
2026-03-18 09:30:26 [INFO] Device: cpu | Params: 311,314
2026-03-18 09:30:26 [INFO] [Ep      1] reward=  -0.0008 | value=   1,041,433,324 | return=  4.14% | trades= 128 | cost=10,899,993
2026-03-18 09:30:26 [INFO] [Ep      2] reward=  -0.0008 | value=     949,562,145 | return= -5.04% | trades= 128 | cost=11,053,035
2026-03-18 09:30:26 [INFO] [Ep      3] reward=  -0.0008 | value=   1,050,503,671 | return=  5.05% | trades= 128 | cost=10,982,568
2026-03-18 09:30:26 [INFO] [Ep      4] reward=  -0.0008 | value=     995,180,508 | return= -0.48% | trades= 128 | cost=11,056,159
2026-03-18 09:30:26 [DEBUG] [Step       32] pi_loss=-0.00246 | v_loss= 0.28042 | entropy=-30.67241 | kl=0.00014 | clip=0.000 | lr=3.00e-04
2026-03-18 09:30:26 [INFO] [Rollout 1/2] steps=32 | pi_loss=-0.00246 | v_loss=0.28042 | kl=0.00014 | lr=3.00e-04
2026-03-18 09:30:26 [INFO] [EVAL/VAL Ep 4] total_return=0.99% | sharpe=0.3890 | max_dd=9.74% | win_rate=55.00%
2026-03-18 09:30:26 [INFO] 
=======================================================
                  PERFORMANCE REPORT                   
=======================================================
  Vốn ban đầu          :      1,000,000,000 VND
  Giá trị cuối kỳ      :      1,009,871,185 VND
-------------------------------------------------------
  Tổng lợi nhuận       :             0.99%
  Lợi nhuận hàng năm   :            13.18%
  Biến động hàng năm   :            36.38%
-------------------------------------------------------
  Sharpe Ratio         :            0.3890
  Sortino Ratio        :            0.3961
  Calmar Ratio         :            1.3530
-------------------------------------------------------
  Max Drawdown         :             9.74%
  MDD Duration (steps) :                17
-------------------------------------------------------
  Win Rate             :            55.00%
  Profit Factor        :            1.0916
  Skewness             :            0.1443
  Kurtosis             :            0.1781
-------------------------------------------------------
  VaR 95%              :            0.0331
  CVaR 95%             :            0.0456
=======================================================
2026-03-18 09:30:26 [INFO] Best val Sharpe: 0.3890 -> saved best_model.pt
2026-03-18 09:30:26 [INFO] [EVAL/VAL Ep 4] total_return=0.99% | sharpe=0.3890 | max_dd=9.74% | win_rate=55.00%
2026-03-18 09:30:27 [INFO] [Ep      5] reward=  -0.0008 | value=   1,053,811,658 | return=  5.38% | trades= 128 | cost=10,306,868
2026-03-18 09:30:27 [INFO] [Ep      6] reward=  -0.0008 | value=   1,023,340,535 | return=  2.33% | trades= 128 | cost=11,318,963
2026-03-18 09:30:27 [INFO] [Ep      7] reward=  -0.0008 | value=     987,643,645 | return= -1.24% | trades= 128 | cost=11,661,340
2026-03-18 09:30:27 [INFO] [Ep      8] reward=  -0.0008 | value=   1,001,185,616 | return=  0.12% | trades= 128 | cost=12,690,307
2026-03-18 09:30:27 [DEBUG] [Step       64] pi_loss=-0.00031 | v_loss= 0.25717 | entropy=-30.67298 | kl=0.00001 | clip=0.000 | lr=1.50e-04
2026-03-18 09:30:27 [INFO] [EVAL/VAL Ep 8] total_return=0.99% | sharpe=0.3904 | max_dd=9.74% | win_rate=55.00%
2026-03-18 09:30:27 [INFO] 
=======================================================
                  PERFORMANCE REPORT                   
=======================================================
  Vốn ban đầu          :      1,000,000,000 VND
  Giá trị cuối kỳ      :      1,009,911,196 VND
-------------------------------------------------------
  Tổng lợi nhuận       :             0.99%
  Lợi nhuận hàng năm   :            13.23%
  Biến động hàng năm   :            36.38%
-------------------------------------------------------
  Sharpe Ratio         :            0.3904
  Sortino Ratio        :            0.3974
  Calmar Ratio         :            1.3590
-------------------------------------------------------
  Max Drawdown         :             9.74%
  MDD Duration (steps) :                17
-------------------------------------------------------
  Win Rate             :            55.00%
  Profit Factor        :            1.0919
  Skewness             :            0.1433
  Kurtosis             :            0.1769
-------------------------------------------------------
  VaR 95%              :            0.0331
  CVaR 95%             :            0.0456
=======================================================
2026-03-18 09:30:27 [INFO] Best val Sharpe: 0.3904 -> saved best_model.pt
2026-03-18 09:30:27 [INFO] [EVAL/VAL Ep 8] total_return=0.99% | sharpe=0.3904 | max_dd=9.74% | win_rate=55.00%
2026-03-18 09:30:27 [INFO] Loaded best_model.pt for final test evaluation
2026-03-18 09:30:27 [INFO] [EVAL/TEST Ep 8] total_return=-0.11% | sharpe=-0.5125 | max_dd=3.07% | win_rate=50.00%
2026-03-18 09:30:27 [INFO] 
=== FINAL TEST RESULTS (avg 2 episodes) ===
2026-03-18 09:30:27 [INFO] 
=======================================================
                  PERFORMANCE REPORT                   
=======================================================
  Vốn ban đầu          :      1,000,000,000 VND
  Giá trị cuối kỳ      :        998,899,609 VND
-------------------------------------------------------
  Tổng lợi nhuận       :            -0.11%
  Lợi nhuận hàng năm   :            -1.38%
  Biến động hàng năm   :            10.47%
-------------------------------------------------------
  Sharpe Ratio         :           -0.5125
  Sortino Ratio        :           -0.4860
  Calmar Ratio         :           -0.4481
-------------------------------------------------------
  Max Drawdown         :             3.07%
  MDD Duration (steps) :              10.0
-------------------------------------------------------
  Win Rate             :            50.00%
  Profit Factor        :            0.9857
  Skewness             :           -0.6606
  Kurtosis             :            2.1146
-------------------------------------------------------
  VaR 95%              :            0.0076
  CVaR 95%             :            0.0182
=======================================================
2026-03-18 09:30:27 [INFO] Summary đã lưu: results\runs\ppo_20260318_093026\summary.json
2026-03-18 09:30:27 [INFO] Run kết thúc sau 0:00:01.361452. total_return=-0.11% | sharpe=-0.5125
