2026-03-21 22:09:30 [INFO] Run bắt đầu: ppo_20260321_220930 | Agent: PPO_LSTM | 2026-03-21 22:09:30
2026-03-21 22:09:30 [INFO] Data split: {'train': {'start': '2015-01-05', 'end': '2022-09-16', 'days': 1920}, 'val': {'start': '2022-09-19', 'end': '2024-05-14', 'days': 411}, 'test': {'start': '2024-05-15', 'end': '2025-12-31', 'days': 412}}
2026-03-21 22:09:30 [INFO] Device: cpu | Params: 9,636
2026-03-21 22:09:30 [INFO] Reward function: tmp | reward_window=11 | reward_scaling=1.0
2026-03-21 22:09:31 [INFO] [Ep      1] reward=  -1.3652 | value=     980,941,245 | return= -1.91% | trades=   8 | cost= 4,086,279
2026-03-21 22:09:31 [INFO] [Ep      2] reward=   0.1759 | value=   1,016,781,381 | return=  1.68% | trades=   8 | cost= 3,102,714
2026-03-21 22:09:31 [DEBUG] [Step        8] pi_loss= 0.00016 | v_loss= 7.73924 | entropy=-0.69318 | kl=0.00000 | clip=0.000 | lr=1.00e-04
2026-03-21 22:09:31 [INFO] [Rollout 1/2] steps=8 | pi_loss=0.00016 | v_loss=7.73924 | kl=0.00000 | lr=1.00e-04
2026-03-21 22:09:33 [INFO] [EVAL/VAL Ep 2] total_return=4.76% | sharpe=1.8157 | max_dd=6.10% | win_rate=60.00%
2026-03-21 22:09:33 [INFO] 
=======================================================
                  PERFORMANCE REPORT                   
=======================================================
  Vốn ban đầu          :      1,000,000,000 VND
  Giá trị cuối kỳ      :      1,047,586,590 VND
-------------------------------------------------------
  Tổng lợi nhuận       :             4.76%
  Lợi nhuận hàng năm   :            79.64%
  Biến động hàng năm   :            32.60%
-------------------------------------------------------
  Sharpe Ratio         :            1.8157
  Sortino Ratio        :            1.8040
  Calmar Ratio         :           13.0600
-------------------------------------------------------
  Max Drawdown         :             6.10%
  MDD Duration (steps) :              16.0
-------------------------------------------------------
  Win Rate             :            60.00%
  Profit Factor        :            1.3701
  Skewness             :           -0.0625
  Kurtosis             :            0.5267
-------------------------------------------------------
  VaR 95%              :            0.0263
  CVaR 95%             :            0.0431
=======================================================
2026-03-21 22:09:33 [INFO] [BASELINE/EQUAL_WEIGHT] baseline_return=4.72% | baseline_sharpe=1.8027 | delta_return=0.03% | delta_sharpe=0.0129
2026-03-21 22:09:33 [INFO] [BASELINE/BUY_AND_HOLD_EQUAL_WEIGHT] baseline_return=4.75% | baseline_sharpe=1.8305 | delta_return=0.01% | delta_sharpe=-0.0148
2026-03-21 22:09:33 [INFO] Best val Sharpe: 1.8157 -> saved best_model.pt
2026-03-21 22:09:34 [INFO] [Ep      3] reward=  -0.6473 | value=   1,003,921,732 | return=  0.39% | trades=   8 | cost= 5,507,649
2026-03-21 22:09:34 [INFO] [Ep      4] reward=  -2.0680 | value=     942,510,948 | return= -5.75% | trades=   8 | cost= 2,635,611
2026-03-21 22:09:34 [DEBUG] [Step       16] pi_loss= 0.00004 | v_loss= 7.23659 | entropy=-0.69324 | kl=0.00000 | clip=0.000 | lr=5.00e-05
2026-03-21 22:09:35 [INFO] [EVAL/VAL Ep 4] total_return=4.76% | sharpe=1.8162 | max_dd=6.10% | win_rate=60.00%
2026-03-21 22:09:35 [INFO] 
=======================================================
                  PERFORMANCE REPORT                   
=======================================================
  Vốn ban đầu          :      1,000,000,000 VND
  Giá trị cuối kỳ      :      1,047,595,469 VND
-------------------------------------------------------
  Tổng lợi nhuận       :             4.76%
  Lợi nhuận hàng năm   :            79.66%
  Biến động hàng năm   :            32.59%
-------------------------------------------------------
  Sharpe Ratio         :            1.8162
  Sortino Ratio        :            1.8045
  Calmar Ratio         :           13.0663
-------------------------------------------------------
  Max Drawdown         :             6.10%
  MDD Duration (steps) :              16.0
-------------------------------------------------------
  Win Rate             :            60.00%
  Profit Factor        :            1.3702
  Skewness             :           -0.0627
  Kurtosis             :            0.5268
-------------------------------------------------------
  VaR 95%              :            0.0263
  CVaR 95%             :            0.0431
=======================================================
2026-03-21 22:09:35 [INFO] [BASELINE/EQUAL_WEIGHT] baseline_return=4.72% | baseline_sharpe=1.8027 | delta_return=0.04% | delta_sharpe=0.0134
2026-03-21 22:09:35 [INFO] [BASELINE/BUY_AND_HOLD_EQUAL_WEIGHT] baseline_return=4.75% | baseline_sharpe=1.8305 | delta_return=0.01% | delta_sharpe=-0.0143
2026-03-21 22:09:35 [INFO] Best val Sharpe: 1.8162 -> saved best_model.pt
2026-03-21 22:09:35 [INFO] Loaded best_model.pt for final test evaluation
2026-03-21 22:09:35 [INFO] [EVAL/TEST Ep 4] total_return=1.26% | sharpe=0.8922 | max_dd=2.79% | win_rate=45.00%
2026-03-21 22:09:35 [INFO] 
=== FINAL TEST RESULTS (avg 1 episodes) ===
2026-03-21 22:09:35 [INFO] 
=======================================================
                  PERFORMANCE REPORT                   
=======================================================
  Vốn ban đầu          :      1,000,000,000 VND
  Giá trị cuối kỳ      :      1,012,648,600 VND
-------------------------------------------------------
  Tổng lợi nhuận       :             1.26%
  Lợi nhuận hàng năm   :            17.16%
  Biến động hàng năm   :            13.72%
-------------------------------------------------------
  Sharpe Ratio         :            0.8922
  Sortino Ratio        :            0.9820
  Calmar Ratio         :            6.1478
-------------------------------------------------------
  Max Drawdown         :             2.79%
  MDD Duration (steps) :               5.0
-------------------------------------------------------
  Win Rate             :            45.00%
  Profit Factor        :            1.2345
  Skewness             :           -0.3910
  Kurtosis             :            1.6480
-------------------------------------------------------
  VaR 95%              :            0.0092
  CVaR 95%             :            0.0220
=======================================================
2026-03-21 22:09:35 [INFO] [BASELINE/EQUAL_WEIGHT] baseline_return=1.26% | baseline_sharpe=0.8865 | delta_return=0.01% | delta_sharpe=0.0057
2026-03-21 22:09:35 [INFO] [BASELINE/BUY_AND_HOLD_EQUAL_WEIGHT] baseline_return=1.22% | baseline_sharpe=0.8402 | delta_return=0.05% | delta_sharpe=0.0520
2026-03-21 22:09:35 [INFO] Summary đã lưu: results\runs\ppo_20260321_220930\summary.json
2026-03-21 22:09:35 [INFO] Run kết thúc sau 0:00:05.437424. total_return=1.26% | sharpe=0.8922
